<?xml version="1.0" encoding="UTF-8"?>
<!-- Generated by org.testng.reporters.JUnitReportReporter -->
<testsuite hostname="DESKTOP-2ULU2F9" failures="0" tests="1" name="targettestpkg.targettest" time="3.303" errors="0" timestamp="2025-01-31T22:41:12 IST" skipped="0">
  <testcase classname="targettestpkg.targettest" name="urlverification" time="3.303"/>
</testsuite> <!-- targettestpkg.targettest -->
